{"/Users/charlie/307/PolyFreeStuff/backend/listing-services.js": {"path":"/Users/charlie/307/PolyFreeStuff/backend/listing-services.js","statementMap":{"0":{"start":{"line":1,"column":19},"end":{"line":1,"column":43}},"1":{"start":{"line":2,"column":22},"end":{"line":2,"column":49}},"2":{"start":{"line":3,"column":39},"end":{"line":3,"column":65}},"3":{"start":{"line":7,"column":23},"end":{"line":7,"column":70}},"4":{"start":{"line":9,"column":28},"end":{"line":9,"column":30}},"5":{"start":{"line":10,"column":2},"end":{"line":11,"column":65}},"6":{"start":{"line":11,"column":4},"end":{"line":11,"column":65}},"7":{"start":{"line":12,"column":2},"end":{"line":21,"column":3}},"8":{"start":{"line":13,"column":24},"end":{"line":13,"column":26}},"9":{"start":{"line":14,"column":4},"end":{"line":16,"column":5}},"10":{"start":{"line":14,"column":17},"end":{"line":14,"column":18}},"11":{"start":{"line":15,"column":6},"end":{"line":15,"column":66}},"12":{"start":{"line":17,"column":4},"end":{"line":17,"column":48}},"13":{"start":{"line":18,"column":4},"end":{"line":18,"column":68}},"14":{"start":{"line":20,"column":4},"end":{"line":20,"column":68}},"15":{"start":{"line":23,"column":2},"end":{"line":33,"column":3}},"16":{"start":{"line":24,"column":4},"end":{"line":26,"column":7}},"17":{"start":{"line":25,"column":6},"end":{"line":25,"column":57}},"18":{"start":{"line":29,"column":4},"end":{"line":32,"column":7}},"19":{"start":{"line":30,"column":6},"end":{"line":31,"column":20}},"20":{"start":{"line":30,"column":60},"end":{"line":30,"column":70}},"21":{"start":{"line":31,"column":11},"end":{"line":31,"column":20}},"22":{"start":{"line":34,"column":2},"end":{"line":34,"column":74}},"23":{"start":{"line":34,"column":50},"end":{"line":34,"column":74}},"24":{"start":{"line":35,"column":2},"end":{"line":35,"column":64}},"25":{"start":{"line":39,"column":20},"end":{"line":39,"column":61}},"26":{"start":{"line":40,"column":23},"end":{"line":40,"column":70}},"27":{"start":{"line":41,"column":2},"end":{"line":54,"column":3}},"28":{"start":{"line":42,"column":4},"end":{"line":42,"column":42}},"29":{"start":{"line":44,"column":25},"end":{"line":44,"column":50}},"30":{"start":{"line":45,"column":24},"end":{"line":45,"column":49}},"31":{"start":{"line":46,"column":4},"end":{"line":46,"column":39}},"32":{"start":{"line":48,"column":17},"end":{"line":48,"column":60}},"33":{"start":{"line":49,"column":4},"end":{"line":49,"column":45}},"34":{"start":{"line":50,"column":4},"end":{"line":50,"column":57}},"35":{"start":{"line":51,"column":4},"end":{"line":51,"column":16}},"36":{"start":{"line":53,"column":4},"end":{"line":53,"column":17}},"37":{"start":{"line":58,"column":23},"end":{"line":58,"column":70}},"38":{"start":{"line":59,"column":2},"end":{"line":59,"column":41}},"39":{"start":{"line":63,"column":2},"end":{"line":63,"column":71}},"40":{"start":{"line":64,"column":2},"end":{"line":64,"column":23}},"41":{"start":{"line":68,"column":20},"end":{"line":68,"column":61}},"42":{"start":{"line":69,"column":23},"end":{"line":69,"column":70}},"43":{"start":{"line":70,"column":15},"end":{"line":70,"column":47}},"44":{"start":{"line":72,"column":19},"end":{"line":72,"column":21}},"45":{"start":{"line":73,"column":2},"end":{"line":78,"column":3}},"46":{"start":{"line":73,"column":15},"end":{"line":73,"column":16}},"47":{"start":{"line":74,"column":18},"end":{"line":74,"column":66}},"48":{"start":{"line":75,"column":4},"end":{"line":76,"column":80}},"49":{"start":{"line":77,"column":4},"end":{"line":77,"column":27}},"50":{"start":{"line":79,"column":2},"end":{"line":82,"column":5}},"51":{"start":{"line":80,"column":4},"end":{"line":81,"column":18}},"52":{"start":{"line":80,"column":58},"end":{"line":80,"column":68}},"53":{"start":{"line":81,"column":9},"end":{"line":81,"column":18}},"54":{"start":{"line":83,"column":2},"end":{"line":83,"column":18}},"55":{"start":{"line":87,"column":20},"end":{"line":87,"column":61}},"56":{"start":{"line":88,"column":23},"end":{"line":88,"column":70}},"57":{"start":{"line":89,"column":2},"end":{"line":101,"column":3}},"58":{"start":{"line":91,"column":28},"end":{"line":91,"column":59}},"59":{"start":{"line":92,"column":4},"end":{"line":92,"column":47}},"60":{"start":{"line":92,"column":34},"end":{"line":92,"column":47}},"61":{"start":{"line":93,"column":4},"end":{"line":93,"column":45}},"62":{"start":{"line":95,"column":17},"end":{"line":95,"column":68}},"63":{"start":{"line":96,"column":4},"end":{"line":96,"column":32}},"64":{"start":{"line":97,"column":4},"end":{"line":97,"column":57}},"65":{"start":{"line":98,"column":4},"end":{"line":98,"column":16}},"66":{"start":{"line":100,"column":4},"end":{"line":100,"column":17}},"67":{"start":{"line":104,"column":0},"end":{"line":104,"column":32}},"68":{"start":{"line":105,"column":0},"end":{"line":105,"column":38}},"69":{"start":{"line":106,"column":0},"end":{"line":106,"column":52}},"70":{"start":{"line":107,"column":0},"end":{"line":107,"column":40}},"71":{"start":{"line":108,"column":0},"end":{"line":108,"column":64}},"72":{"start":{"line":109,"column":0},"end":{"line":109,"column":48}}},"fnMap":{"0":{"name":"getListingsFromQuery","decl":{"start":{"line":5,"column":15},"end":{"line":5,"column":35}},"loc":{"start":{"line":5,"column":44},"end":{"line":36,"column":1}},"line":5},"1":{"name":"(anonymous_1)","decl":{"start":{"line":24,"column":26},"end":{"line":24,"column":27}},"loc":{"start":{"line":24,"column":45},"end":{"line":26,"column":5}},"line":24},"2":{"name":"(anonymous_2)","decl":{"start":{"line":29,"column":26},"end":{"line":29,"column":27}},"loc":{"start":{"line":29,"column":45},"end":{"line":32,"column":5}},"line":29},"3":{"name":"addListing","decl":{"start":{"line":38,"column":15},"end":{"line":38,"column":25}},"loc":{"start":{"line":38,"column":35},"end":{"line":55,"column":1}},"line":38},"4":{"name":"getListingById","decl":{"start":{"line":57,"column":15},"end":{"line":57,"column":29}},"loc":{"start":{"line":57,"column":34},"end":{"line":60,"column":1}},"line":57},"5":{"name":"getSellerDataWithinListing","decl":{"start":{"line":62,"column":15},"end":{"line":62,"column":41}},"loc":{"start":{"line":62,"column":57},"end":{"line":65,"column":1}},"line":62},"6":{"name":"getListingsForUser","decl":{"start":{"line":67,"column":15},"end":{"line":67,"column":33}},"loc":{"start":{"line":67,"column":49},"end":{"line":84,"column":1}},"line":67},"7":{"name":"(anonymous_7)","decl":{"start":{"line":79,"column":16},"end":{"line":79,"column":17}},"loc":{"start":{"line":79,"column":35},"end":{"line":82,"column":3}},"line":79},"8":{"name":"deleteListing","decl":{"start":{"line":86,"column":15},"end":{"line":86,"column":28}},"loc":{"start":{"line":86,"column":33},"end":{"line":102,"column":1}},"line":86}},"branchMap":{"0":{"loc":{"start":{"line":10,"column":2},"end":{"line":11,"column":65}},"type":"if","locations":[{"start":{"line":10,"column":2},"end":{"line":11,"column":65}},{"start":{},"end":{}}],"line":10},"1":{"loc":{"start":{"line":12,"column":2},"end":{"line":21,"column":3}},"type":"if","locations":[{"start":{"line":12,"column":2},"end":{"line":21,"column":3}},{"start":{"line":19,"column":9},"end":{"line":21,"column":3}}],"line":12},"2":{"loc":{"start":{"line":23,"column":2},"end":{"line":33,"column":3}},"type":"if","locations":[{"start":{"line":23,"column":2},"end":{"line":33,"column":3}},{"start":{"line":27,"column":9},"end":{"line":33,"column":3}}],"line":23},"3":{"loc":{"start":{"line":23,"column":6},"end":{"line":23,"column":57}},"type":"binary-expr","locations":[{"start":{"line":23,"column":6},"end":{"line":23,"column":25}},{"start":{"line":23,"column":29},"end":{"line":23,"column":57}}],"line":23},"4":{"loc":{"start":{"line":30,"column":6},"end":{"line":31,"column":20}},"type":"if","locations":[{"start":{"line":30,"column":6},"end":{"line":31,"column":20}},{"start":{"line":31,"column":11},"end":{"line":31,"column":20}}],"line":30},"5":{"loc":{"start":{"line":34,"column":2},"end":{"line":34,"column":74}},"type":"if","locations":[{"start":{"line":34,"column":2},"end":{"line":34,"column":74}},{"start":{},"end":{}}],"line":34},"6":{"loc":{"start":{"line":34,"column":6},"end":{"line":34,"column":48}},"type":"binary-expr","locations":[{"start":{"line":34,"column":6},"end":{"line":34,"column":26}},{"start":{"line":34,"column":30},"end":{"line":34,"column":48}}],"line":34},"7":{"loc":{"start":{"line":76,"column":6},"end":{"line":76,"column":79}},"type":"cond-expr","locations":[{"start":{"line":76,"column":58},"end":{"line":76,"column":62}},{"start":{"line":76,"column":65},"end":{"line":76,"column":79}}],"line":76},"8":{"loc":{"start":{"line":76,"column":6},"end":{"line":76,"column":55}},"type":"binary-expr","locations":[{"start":{"line":76,"column":6},"end":{"line":76,"column":24}},{"start":{"line":76,"column":28},"end":{"line":76,"column":55}}],"line":76},"9":{"loc":{"start":{"line":80,"column":4},"end":{"line":81,"column":18}},"type":"if","locations":[{"start":{"line":80,"column":4},"end":{"line":81,"column":18}},{"start":{"line":81,"column":9},"end":{"line":81,"column":18}}],"line":80},"10":{"loc":{"start":{"line":92,"column":4},"end":{"line":92,"column":47}},"type":"if","locations":[{"start":{"line":92,"column":4},"end":{"line":92,"column":47}},{"start":{},"end":{}}],"line":92}},"s":{"0":2,"1":2,"2":2,"3":11,"4":11,"5":11,"6":4,"7":11,"8":4,"9":4,"10":4,"11":5,"12":4,"13":4,"14":7,"15":11,"16":1,"17":4,"18":10,"19":13,"20":11,"21":2,"22":11,"23":8,"24":3,"25":51,"26":51,"27":51,"28":51,"29":51,"30":51,"31":50,"32":50,"33":50,"34":50,"35":50,"36":1,"37":1,"38":1,"39":1,"40":1,"41":1,"42":1,"43":1,"44":1,"45":1,"46":1,"47":4,"48":4,"49":4,"50":1,"51":3,"52":3,"53":0,"54":1,"55":3,"56":3,"57":3,"58":3,"59":2,"60":0,"61":2,"62":2,"63":2,"64":2,"65":2,"66":1,"67":2,"68":2,"69":2,"70":2,"71":2,"72":2},"f":{"0":11,"1":4,"2":13,"3":51,"4":1,"5":1,"6":1,"7":3,"8":3},"b":{"0":[4,7],"1":[4,7],"2":[1,10],"3":[11,2],"4":[11,2],"5":[8,3],"6":[11,3],"7":[4,0],"8":[4,4],"9":[3,0],"10":[0,2]},"_coverageSchema":"1a1c01bbd47fc00a2c39e90264f33305004495a9","hash":"2308c687288faba708d166bd58e20877f0a2d4ff"}
,"/Users/charlie/307/PolyFreeStuff/backend/user-services.js": {"path":"/Users/charlie/307/PolyFreeStuff/backend/user-services.js","statementMap":{"0":{"start":{"line":1,"column":17},"end":{"line":1,"column":36}},"1":{"start":{"line":2,"column":15},"end":{"line":2,"column":32}},"2":{"start":{"line":3,"column":16},"end":{"line":3,"column":34}},"3":{"start":{"line":4,"column":0},"end":{"line":4,"column":16}},"4":{"start":{"line":5,"column":19},"end":{"line":5,"column":43}},"5":{"start":{"line":10,"column":2},"end":{"line":10,"column":26}},"6":{"start":{"line":14,"column":2},"end":{"line":35,"column":3}},"7":{"start":{"line":15,"column":4},"end":{"line":34,"column":5}},"8":{"start":{"line":16,"column":6},"end":{"line":28,"column":8}},"9":{"start":{"line":30,"column":6},"end":{"line":33,"column":9}},"10":{"start":{"line":36,"column":2},"end":{"line":36,"column":14}},"11":{"start":{"line":40,"column":20},"end":{"line":45,"column":3}},"12":{"start":{"line":47,"column":16},"end":{"line":47,"column":40}},"13":{"start":{"line":48,"column":2},"end":{"line":50,"column":21}},"14":{"start":{"line":49,"column":4},"end":{"line":49,"column":19}},"15":{"start":{"line":50,"column":9},"end":{"line":50,"column":21}},"16":{"start":{"line":54,"column":20},"end":{"line":54,"column":61}},"17":{"start":{"line":55,"column":2},"end":{"line":61,"column":3}},"18":{"start":{"line":56,"column":22},"end":{"line":56,"column":41}},"19":{"start":{"line":57,"column":20},"end":{"line":57,"column":42}},"20":{"start":{"line":58,"column":4},"end":{"line":58,"column":21}},"21":{"start":{"line":60,"column":4},"end":{"line":60,"column":16}},"22":{"start":{"line":66,"column":20},"end":{"line":66,"column":61}},"23":{"start":{"line":67,"column":2},"end":{"line":67,"column":48}},"24":{"start":{"line":71,"column":20},"end":{"line":71,"column":61}},"25":{"start":{"line":72,"column":2},"end":{"line":72,"column":32}},"26":{"start":{"line":76,"column":20},"end":{"line":76,"column":61}},"27":{"start":{"line":77,"column":2},"end":{"line":79,"column":5}},"28":{"start":{"line":83,"column":20},"end":{"line":83,"column":61}},"29":{"start":{"line":84,"column":2},"end":{"line":84,"column":38}},"30":{"start":{"line":88,"column":28},"end":{"line":88,"column":57}},"31":{"start":{"line":89,"column":20},"end":{"line":89,"column":61}},"32":{"start":{"line":90,"column":2},"end":{"line":99,"column":3}},"33":{"start":{"line":91,"column":25},"end":{"line":91,"column":53}},"34":{"start":{"line":92,"column":4},"end":{"line":94,"column":5}},"35":{"start":{"line":92,"column":17},"end":{"line":92,"column":18}},"36":{"start":{"line":93,"column":6},"end":{"line":93,"column":55}},"37":{"start":{"line":95,"column":4},"end":{"line":95,"column":42}},"38":{"start":{"line":96,"column":4},"end":{"line":96,"column":16}},"39":{"start":{"line":98,"column":4},"end":{"line":98,"column":17}},"40":{"start":{"line":102,"column":0},"end":{"line":102,"column":38}},"41":{"start":{"line":103,"column":0},"end":{"line":103,"column":26}},"42":{"start":{"line":104,"column":0},"end":{"line":104,"column":32}},"43":{"start":{"line":105,"column":0},"end":{"line":105,"column":38}},"44":{"start":{"line":106,"column":0},"end":{"line":106,"column":38}},"45":{"start":{"line":107,"column":0},"end":{"line":107,"column":44}},"46":{"start":{"line":108,"column":0},"end":{"line":108,"column":34}},"47":{"start":{"line":109,"column":0},"end":{"line":109,"column":40}},"48":{"start":{"line":110,"column":0},"end":{"line":110,"column":34}}},"fnMap":{"0":{"name":"setConnection","decl":{"start":{"line":9,"column":9},"end":{"line":9,"column":22}},"loc":{"start":{"line":9,"column":32},"end":{"line":11,"column":1}},"line":9},"1":{"name":"getConnection","decl":{"start":{"line":13,"column":9},"end":{"line":13,"column":22}},"loc":{"start":{"line":13,"column":25},"end":{"line":37,"column":1}},"line":13},"2":{"name":"createNewUser","decl":{"start":{"line":39,"column":15},"end":{"line":39,"column":28}},"loc":{"start":{"line":39,"column":36},"end":{"line":51,"column":1}},"line":39},"3":{"name":"addUser","decl":{"start":{"line":53,"column":15},"end":{"line":53,"column":22}},"loc":{"start":{"line":53,"column":29},"end":{"line":62,"column":1}},"line":53},"4":{"name":"getUserFromEmail","decl":{"start":{"line":64,"column":15},"end":{"line":64,"column":31}},"loc":{"start":{"line":64,"column":39},"end":{"line":68,"column":1}},"line":64},"5":{"name":"getAllUsers","decl":{"start":{"line":70,"column":15},"end":{"line":70,"column":26}},"loc":{"start":{"line":70,"column":29},"end":{"line":73,"column":1}},"line":70},"6":{"name":"updateUserById","decl":{"start":{"line":75,"column":15},"end":{"line":75,"column":29}},"loc":{"start":{"line":75,"column":40},"end":{"line":80,"column":1}},"line":75},"7":{"name":"getUserById","decl":{"start":{"line":82,"column":15},"end":{"line":82,"column":26}},"loc":{"start":{"line":82,"column":31},"end":{"line":85,"column":1}},"line":82},"8":{"name":"deleteUser","decl":{"start":{"line":87,"column":15},"end":{"line":87,"column":25}},"loc":{"start":{"line":87,"column":30},"end":{"line":100,"column":1}},"line":87}},"branchMap":{"0":{"loc":{"start":{"line":14,"column":2},"end":{"line":35,"column":3}},"type":"if","locations":[{"start":{"line":14,"column":2},"end":{"line":35,"column":3}},{"start":{},"end":{}}],"line":14},"1":{"loc":{"start":{"line":15,"column":4},"end":{"line":34,"column":5}},"type":"if","locations":[{"start":{"line":15,"column":4},"end":{"line":34,"column":5}},{"start":{"line":29,"column":11},"end":{"line":34,"column":5}}],"line":15},"2":{"loc":{"start":{"line":48,"column":2},"end":{"line":50,"column":21}},"type":"if","locations":[{"start":{"line":48,"column":2},"end":{"line":50,"column":21}},{"start":{"line":50,"column":9},"end":{"line":50,"column":21}}],"line":48}},"s":{"0":2,"1":2,"2":2,"3":2,"4":2,"5":2,"6":158,"7":0,"8":0,"9":0,"10":158,"11":27,"12":27,"13":27,"14":27,"15":0,"16":28,"17":28,"18":28,"19":28,"20":27,"21":1,"22":1,"23":1,"24":1,"25":1,"26":1,"27":1,"28":2,"29":2,"30":3,"31":3,"32":3,"33":3,"34":2,"35":2,"36":1,"37":2,"38":2,"39":1,"40":2,"41":2,"42":2,"43":2,"44":2,"45":2,"46":2,"47":2,"48":2},"f":{"0":2,"1":158,"2":27,"3":28,"4":1,"5":1,"6":1,"7":2,"8":3},"b":{"0":[0,158],"1":[0,0],"2":[27,0]},"_coverageSchema":"1a1c01bbd47fc00a2c39e90264f33305004495a9","hash":"86c2269e354eeda7083a4f5fa2afc30290c75df2"}
,"/Users/charlie/307/PolyFreeStuff/backend/models/listing.js": {"path":"/Users/charlie/307/PolyFreeStuff/backend/models/listing.js","statementMap":{"0":{"start":{"line":1,"column":17},"end":{"line":1,"column":36}},"1":{"start":{"line":2,"column":13},"end":{"line":2,"column":28}},"2":{"start":{"line":4,"column":22},"end":{"line":54,"column":1}},"3":{"start":{"line":56,"column":0},"end":{"line":56,"column":39}},"4":{"start":{"line":58,"column":0},"end":{"line":58,"column":31}}},"fnMap":{},"branchMap":{},"s":{"0":2,"1":2,"2":2,"3":2,"4":2},"f":{},"b":{},"_coverageSchema":"1a1c01bbd47fc00a2c39e90264f33305004495a9","hash":"9b7251817d1b32049a3c00b4bd39ed4390d465cd"}
,"/Users/charlie/307/PolyFreeStuff/backend/models/user.js": {"path":"/Users/charlie/307/PolyFreeStuff/backend/models/user.js","statementMap":{"0":{"start":{"line":1,"column":17},"end":{"line":1,"column":36}},"1":{"start":{"line":3,"column":19},"end":{"line":28,"column":1}},"2":{"start":{"line":30,"column":0},"end":{"line":30,"column":28}}},"fnMap":{},"branchMap":{},"s":{"0":2,"1":2,"2":2},"f":{},"b":{},"_coverageSchema":"1a1c01bbd47fc00a2c39e90264f33305004495a9","hash":"cd2b7f5b53f5ae6d01d6b10e85009cc43853cc30"}
}
