TN:
SF:listing-services.js
FN:5,getListingsFromQuery
FN:24,(anonymous_1)
FN:29,(anonymous_2)
FN:38,addListing
FN:57,getListingById
FN:62,getSellerDataWithinListing
FN:67,getListingsForUser
FN:79,(anonymous_7)
FN:86,deleteListing
FNF:9
FNH:9
FNDA:11,getListingsFromQuery
FNDA:4,(anonymous_1)
FNDA:13,(anonymous_2)
FNDA:51,addListing
FNDA:1,getListingById
FNDA:1,getSellerDataWithinListing
FNDA:1,getListingsForUser
FNDA:3,(anonymous_7)
FNDA:3,deleteListing
DA:1,2
DA:2,2
DA:3,2
DA:7,11
DA:9,11
DA:10,11
DA:11,4
DA:12,11
DA:13,4
DA:14,4
DA:15,5
DA:17,4
DA:18,4
DA:20,7
DA:23,11
DA:24,1
DA:25,4
DA:29,10
DA:30,13
DA:31,2
DA:34,11
DA:35,3
DA:39,51
DA:40,51
DA:41,51
DA:42,51
DA:44,51
DA:45,51
DA:46,50
DA:48,50
DA:49,50
DA:50,50
DA:51,50
DA:53,1
DA:58,1
DA:59,1
DA:63,1
DA:64,1
DA:68,1
DA:69,1
DA:70,1
DA:72,1
DA:73,1
DA:74,4
DA:75,4
DA:77,4
DA:79,1
DA:80,3
DA:81,0
DA:83,1
DA:87,3
DA:88,3
DA:89,3
DA:91,3
DA:92,2
DA:93,2
DA:95,2
DA:96,2
DA:97,2
DA:98,2
DA:100,1
DA:104,2
DA:105,2
DA:106,2
DA:107,2
DA:108,2
DA:109,2
LF:67
LH:66
BRDA:10,0,0,4
BRDA:10,0,1,7
BRDA:12,1,0,4
BRDA:12,1,1,7
BRDA:23,2,0,1
BRDA:23,2,1,10
BRDA:23,3,0,11
BRDA:23,3,1,2
BRDA:30,4,0,11
BRDA:30,4,1,2
BRDA:34,5,0,8
BRDA:34,5,1,3
BRDA:34,6,0,11
BRDA:34,6,1,3
BRDA:76,7,0,4
BRDA:76,7,1,0
BRDA:76,8,0,4
BRDA:76,8,1,4
BRDA:80,9,0,3
BRDA:80,9,1,0
BRDA:92,10,0,0
BRDA:92,10,1,2
BRF:22
BRH:19
end_of_record
TN:
SF:user-services.js
FN:9,setConnection
FN:13,getConnection
FN:39,createNewUser
FN:53,addUser
FN:64,getUserFromEmail
FN:70,getAllUsers
FN:75,updateUserById
FN:82,getUserById
FN:87,deleteUser
FNF:9
FNH:9
FNDA:2,setConnection
FNDA:158,getConnection
FNDA:27,createNewUser
FNDA:28,addUser
FNDA:1,getUserFromEmail
FNDA:1,getAllUsers
FNDA:1,updateUserById
FNDA:2,getUserById
FNDA:3,deleteUser
DA:1,2
DA:2,2
DA:3,2
DA:4,2
DA:5,2
DA:10,2
DA:14,158
DA:15,0
DA:16,0
DA:30,0
DA:36,158
DA:40,27
DA:47,27
DA:48,27
DA:49,27
DA:50,0
DA:54,28
DA:55,28
DA:56,28
DA:57,28
DA:58,27
DA:60,1
DA:66,1
DA:67,1
DA:71,1
DA:72,1
DA:76,1
DA:77,1
DA:83,2
DA:84,2
DA:88,3
DA:89,3
DA:90,3
DA:91,3
DA:92,2
DA:93,1
DA:95,2
DA:96,2
DA:98,1
DA:102,2
DA:103,2
DA:104,2
DA:105,2
DA:106,2
DA:107,2
DA:108,2
DA:109,2
DA:110,2
LF:48
LH:44
BRDA:14,0,0,0
BRDA:14,0,1,158
BRDA:15,1,0,0
BRDA:15,1,1,0
BRDA:48,2,0,27
BRDA:48,2,1,0
BRF:6
BRH:2
end_of_record
TN:
SF:models/listing.js
FNF:0
FNH:0
DA:1,2
DA:2,2
DA:4,2
DA:56,2
DA:58,2
LF:5
LH:5
BRF:0
BRH:0
end_of_record
TN:
SF:models/user.js
FNF:0
FNH:0
DA:1,2
DA:3,2
DA:30,2
LF:3
LH:3
BRF:0
BRH:0
end_of_record
